{"E:\\git\\SW7\\frontend\\src\\App.jsx": {"path":"E:\\git\\SW7\\frontend\\src\\App.jsx","statementMap":{"0":{"start":{"line":6,"column":1},"end":{"line":14,"column":3}}},"fnMap":{"0":{"name":"App","decl":{"start":{"line":5,"column":9},"end":{"line":5,"column":12}},"loc":{"start":{"line":5,"column":15},"end":{"line":15,"column":1}},"line":5}},"branchMap":{},"s":{"0":1},"f":{"0":1},"b":{},"_coverageSchema":"43e27e138ebf9cfc5966b082cf9a028302ed4184","hash":"ce3c24c1f25bea34334de2a8f6da033ae27160e2"}
,"E:\\git\\SW7\\frontend\\src\\i18n.js": {"path":"E:\\git\\SW7\\frontend\\src\\i18n.js","statementMap":{"0":{"start":{"line":5,"column":0},"end":{"line":25,"column":4}}},"fnMap":{},"branchMap":{},"s":{"0":1},"f":{},"b":{},"_coverageSchema":"43e27e138ebf9cfc5966b082cf9a028302ed4184","hash":"ca84306225a1ea24bcd5194274aae6f6cd3d9893"}
,"E:\\git\\SW7\\frontend\\src\\index.jsx": {"path":"E:\\git\\SW7\\frontend\\src\\index.jsx","statementMap":{"0":{"start":{"line":10,"column":14},"end":{"line":14,"column":2}},"1":{"start":{"line":17,"column":0},"end":{"line":21,"column":34}},"2":{"start":{"line":26,"column":0},"end":{"line":26,"column":27}}},"fnMap":{},"branchMap":{},"s":{"0":0,"1":0,"2":0},"f":{},"b":{},"hash":"4068db6b1b69aa709130fd4069042c7f5f62904a"}
,"E:\\git\\SW7\\frontend\\src\\serviceWorker.js": {"path":"E:\\git\\SW7\\frontend\\src\\serviceWorker.js","statementMap":{"0":{"start":{"line":15,"column":20},"end":{"line":23,"column":1}},"1":{"start":{"line":26,"column":2},"end":{"line":56,"column":3}},"2":{"start":{"line":28,"column":22},"end":{"line":28,"column":75}},"3":{"start":{"line":29,"column":4},"end":{"line":34,"column":5}},"4":{"start":{"line":33,"column":6},"end":{"line":33,"column":13}},"5":{"start":{"line":36,"column":4},"end":{"line":55,"column":7}},"6":{"start":{"line":37,"column":20},"end":{"line":37,"column":65}},"7":{"start":{"line":39,"column":6},"end":{"line":54,"column":7}},"8":{"start":{"line":41,"column":8},"end":{"line":41,"column":47}},"9":{"start":{"line":45,"column":8},"end":{"line":50,"column":11}},"10":{"start":{"line":46,"column":10},"end":{"line":49,"column":12}},"11":{"start":{"line":53,"column":8},"end":{"line":53,"column":39}},"12":{"start":{"line":60,"column":2},"end":{"line":100,"column":7}},"13":{"start":{"line":63,"column":6},"end":{"line":96,"column":8}},"14":{"start":{"line":64,"column":33},"end":{"line":64,"column":56}},"15":{"start":{"line":65,"column":8},"end":{"line":67,"column":9}},"16":{"start":{"line":66,"column":10},"end":{"line":66,"column":17}},"17":{"start":{"line":68,"column":8},"end":{"line":95,"column":10}},"18":{"start":{"line":69,"column":10},"end":{"line":94,"column":11}},"19":{"start":{"line":70,"column":12},"end":{"line":93,"column":13}},"20":{"start":{"line":74,"column":14},"end":{"line":77,"column":16}},"21":{"start":{"line":80,"column":14},"end":{"line":82,"column":15}},"22":{"start":{"line":81,"column":16},"end":{"line":81,"column":46}},"23":{"start":{"line":87,"column":14},"end":{"line":87,"column":64}},"24":{"start":{"line":90,"column":14},"end":{"line":92,"column":15}},"25":{"start":{"line":91,"column":16},"end":{"line":91,"column":47}},"26":{"start":{"line":99,"column":6},"end":{"line":99,"column":72}},"27":{"start":{"line":105,"column":2},"end":{"line":128,"column":7}},"28":{"start":{"line":108,"column":26},"end":{"line":108,"column":62}},"29":{"start":{"line":109,"column":6},"end":{"line":122,"column":7}},"30":{"start":{"line":114,"column":8},"end":{"line":118,"column":11}},"31":{"start":{"line":115,"column":10},"end":{"line":117,"column":13}},"32":{"start":{"line":116,"column":12},"end":{"line":116,"column":37}},"33":{"start":{"line":121,"column":8},"end":{"line":121,"column":39}},"34":{"start":{"line":125,"column":6},"end":{"line":127,"column":8}},"35":{"start":{"line":132,"column":2},"end":{"line":136,"column":3}},"36":{"start":{"line":133,"column":4},"end":{"line":135,"column":7}},"37":{"start":{"line":134,"column":6},"end":{"line":134,"column":32}}},"fnMap":{"0":{"name":"register","decl":{"start":{"line":25,"column":16},"end":{"line":25,"column":24}},"loc":{"start":{"line":25,"column":33},"end":{"line":57,"column":1}},"line":25},"1":{"name":"(anonymous_1)","decl":{"start":{"line":36,"column":36},"end":{"line":36,"column":37}},"loc":{"start":{"line":36,"column":42},"end":{"line":55,"column":5}},"line":36},"2":{"name":"(anonymous_2)","decl":{"start":{"line":45,"column":43},"end":{"line":45,"column":44}},"loc":{"start":{"line":45,"column":49},"end":{"line":50,"column":9}},"line":45},"3":{"name":"registerValidSW","decl":{"start":{"line":59,"column":9},"end":{"line":59,"column":24}},"loc":{"start":{"line":59,"column":40},"end":{"line":101,"column":1}},"line":59},"4":{"name":"(anonymous_4)","decl":{"start":{"line":62,"column":10},"end":{"line":62,"column":11}},"loc":{"start":{"line":62,"column":28},"end":{"line":97,"column":5}},"line":62},"5":{"name":"(anonymous_5)","decl":{"start":{"line":63,"column":35},"end":{"line":63,"column":36}},"loc":{"start":{"line":63,"column":41},"end":{"line":96,"column":7}},"line":63},"6":{"name":"(anonymous_6)","decl":{"start":{"line":68,"column":41},"end":{"line":68,"column":42}},"loc":{"start":{"line":68,"column":47},"end":{"line":95,"column":9}},"line":68},"7":{"name":"(anonymous_7)","decl":{"start":{"line":98,"column":11},"end":{"line":98,"column":12}},"loc":{"start":{"line":98,"column":22},"end":{"line":100,"column":5}},"line":98},"8":{"name":"checkValidServiceWorker","decl":{"start":{"line":103,"column":9},"end":{"line":103,"column":32}},"loc":{"start":{"line":103,"column":48},"end":{"line":129,"column":1}},"line":103},"9":{"name":"(anonymous_9)","decl":{"start":{"line":106,"column":10},"end":{"line":106,"column":11}},"loc":{"start":{"line":106,"column":24},"end":{"line":123,"column":5}},"line":106},"10":{"name":"(anonymous_10)","decl":{"start":{"line":114,"column":43},"end":{"line":114,"column":44}},"loc":{"start":{"line":114,"column":61},"end":{"line":118,"column":9}},"line":114},"11":{"name":"(anonymous_11)","decl":{"start":{"line":115,"column":41},"end":{"line":115,"column":42}},"loc":{"start":{"line":115,"column":47},"end":{"line":117,"column":11}},"line":115},"12":{"name":"(anonymous_12)","decl":{"start":{"line":124,"column":11},"end":{"line":124,"column":12}},"loc":{"start":{"line":124,"column":17},"end":{"line":128,"column":5}},"line":124},"13":{"name":"unregister","decl":{"start":{"line":131,"column":16},"end":{"line":131,"column":26}},"loc":{"start":{"line":131,"column":29},"end":{"line":137,"column":1}},"line":131},"14":{"name":"(anonymous_14)","decl":{"start":{"line":133,"column":39},"end":{"line":133,"column":40}},"loc":{"start":{"line":133,"column":57},"end":{"line":135,"column":5}},"line":133}},"branchMap":{"0":{"loc":{"start":{"line":16,"column":2},"end":{"line":22,"column":5}},"type":"binary-expr","locations":[{"start":{"line":16,"column":2},"end":{"line":16,"column":42}},{"start":{"line":18,"column":7},"end":{"line":18,"column":43}},{"start":{"line":20,"column":7},"end":{"line":22,"column":5}}],"line":16},"1":{"loc":{"start":{"line":26,"column":2},"end":{"line":56,"column":3}},"type":"if","locations":[{"start":{"line":26,"column":2},"end":{"line":56,"column":3}},{"start":{"line":26,"column":2},"end":{"line":56,"column":3}}],"line":26},"2":{"loc":{"start":{"line":26,"column":6},"end":{"line":26,"column":75}},"type":"binary-expr","locations":[{"start":{"line":26,"column":6},"end":{"line":26,"column":43}},{"start":{"line":26,"column":47},"end":{"line":26,"column":75}}],"line":26},"3":{"loc":{"start":{"line":29,"column":4},"end":{"line":34,"column":5}},"type":"if","locations":[{"start":{"line":29,"column":4},"end":{"line":34,"column":5}},{"start":{"line":29,"column":4},"end":{"line":34,"column":5}}],"line":29},"4":{"loc":{"start":{"line":39,"column":6},"end":{"line":54,"column":7}},"type":"if","locations":[{"start":{"line":39,"column":6},"end":{"line":54,"column":7}},{"start":{"line":39,"column":6},"end":{"line":54,"column":7}}],"line":39},"5":{"loc":{"start":{"line":65,"column":8},"end":{"line":67,"column":9}},"type":"if","locations":[{"start":{"line":65,"column":8},"end":{"line":67,"column":9}},{"start":{"line":65,"column":8},"end":{"line":67,"column":9}}],"line":65},"6":{"loc":{"start":{"line":69,"column":10},"end":{"line":94,"column":11}},"type":"if","locations":[{"start":{"line":69,"column":10},"end":{"line":94,"column":11}},{"start":{"line":69,"column":10},"end":{"line":94,"column":11}}],"line":69},"7":{"loc":{"start":{"line":70,"column":12},"end":{"line":93,"column":13}},"type":"if","locations":[{"start":{"line":70,"column":12},"end":{"line":93,"column":13}},{"start":{"line":70,"column":12},"end":{"line":93,"column":13}}],"line":70},"8":{"loc":{"start":{"line":80,"column":14},"end":{"line":82,"column":15}},"type":"if","locations":[{"start":{"line":80,"column":14},"end":{"line":82,"column":15}},{"start":{"line":80,"column":14},"end":{"line":82,"column":15}}],"line":80},"9":{"loc":{"start":{"line":80,"column":18},"end":{"line":80,"column":43}},"type":"binary-expr","locations":[{"start":{"line":80,"column":18},"end":{"line":80,"column":24}},{"start":{"line":80,"column":28},"end":{"line":80,"column":43}}],"line":80},"10":{"loc":{"start":{"line":90,"column":14},"end":{"line":92,"column":15}},"type":"if","locations":[{"start":{"line":90,"column":14},"end":{"line":92,"column":15}},{"start":{"line":90,"column":14},"end":{"line":92,"column":15}}],"line":90},"11":{"loc":{"start":{"line":90,"column":18},"end":{"line":90,"column":44}},"type":"binary-expr","locations":[{"start":{"line":90,"column":18},"end":{"line":90,"column":24}},{"start":{"line":90,"column":28},"end":{"line":90,"column":44}}],"line":90},"12":{"loc":{"start":{"line":109,"column":6},"end":{"line":122,"column":7}},"type":"if","locations":[{"start":{"line":109,"column":6},"end":{"line":122,"column":7}},{"start":{"line":109,"column":6},"end":{"line":122,"column":7}}],"line":109},"13":{"loc":{"start":{"line":110,"column":8},"end":{"line":111,"column":76}},"type":"binary-expr","locations":[{"start":{"line":110,"column":8},"end":{"line":110,"column":31}},{"start":{"line":111,"column":12},"end":{"line":111,"column":31}},{"start":{"line":111,"column":35},"end":{"line":111,"column":75}}],"line":110},"14":{"loc":{"start":{"line":132,"column":2},"end":{"line":136,"column":3}},"type":"if","locations":[{"start":{"line":132,"column":2},"end":{"line":136,"column":3}},{"start":{"line":132,"column":2},"end":{"line":136,"column":3}}],"line":132}},"s":{"0":0,"1":0,"2":0,"3":0,"4":0,"5":0,"6":0,"7":0,"8":0,"9":0,"10":0,"11":0,"12":0,"13":0,"14":0,"15":0,"16":0,"17":0,"18":0,"19":0,"20":0,"21":0,"22":0,"23":0,"24":0,"25":0,"26":0,"27":0,"28":0,"29":0,"30":0,"31":0,"32":0,"33":0,"34":0,"35":0,"36":0,"37":0},"f":{"0":0,"1":0,"2":0,"3":0,"4":0,"5":0,"6":0,"7":0,"8":0,"9":0,"10":0,"11":0,"12":0,"13":0,"14":0},"b":{"0":[0,0,0],"1":[0,0],"2":[0,0],"3":[0,0],"4":[0,0],"5":[0,0],"6":[0,0],"7":[0,0],"8":[0,0],"9":[0,0],"10":[0,0],"11":[0,0],"12":[0,0],"13":[0,0,0],"14":[0,0]},"hash":"5daf2d615bfce833ae42c1d587b1230379245470"}
,"E:\\git\\SW7\\frontend\\src\\components\\Header\\Header.jsx": {"path":"E:\\git\\SW7\\frontend\\src\\components\\Header\\Header.jsx","statementMap":{"0":{"start":{"line":8,"column":15},"end":{"line":12,"column":1}},"1":{"start":{"line":16,"column":27},"end":{"line":18,"column":3}},"2":{"start":{"line":20,"column":22},"end":{"line":26,"column":2}},"3":{"start":{"line":20,"column":32},"end":{"line":26,"column":2}},"4":{"start":{"line":21,"column":2},"end":{"line":23,"column":3}},"5":{"start":{"line":22,"column":3},"end":{"line":22,"column":10}},"6":{"start":{"line":25,"column":2},"end":{"line":25,"column":45}},"7":{"start":{"line":29,"column":2},"end":{"line":71,"column":8}},"8":{"start":{"line":75,"column":1},"end":{"line":106,"column":3}}},"fnMap":{"0":{"name":"Header","decl":{"start":{"line":15,"column":9},"end":{"line":15,"column":15}},"loc":{"start":{"line":15,"column":27},"end":{"line":107,"column":1}},"line":15},"1":{"name":"(anonymous_1)","decl":{"start":{"line":20,"column":22},"end":{"line":20,"column":23}},"loc":{"start":{"line":20,"column":32},"end":{"line":26,"column":2}},"line":20},"2":{"name":"(anonymous_2)","decl":{"start":{"line":20,"column":32},"end":{"line":20,"column":33}},"loc":{"start":{"line":20,"column":41},"end":{"line":26,"column":2}},"line":20}},"branchMap":{"0":{"loc":{"start":{"line":21,"column":2},"end":{"line":23,"column":3}},"type":"if","locations":[{"start":{"line":21,"column":2},"end":{"line":23,"column":3}},{"start":{"line":21,"column":2},"end":{"line":23,"column":3}}],"line":21},"1":{"loc":{"start":{"line":21,"column":6},"end":{"line":21,"column":80}},"type":"binary-expr","locations":[{"start":{"line":21,"column":6},"end":{"line":21,"column":30}},{"start":{"line":21,"column":35},"end":{"line":21,"column":54}},{"start":{"line":21,"column":58},"end":{"line":21,"column":79}}],"line":21}},"s":{"0":1,"1":1,"2":1,"3":4,"4":0,"5":0,"6":0,"7":1,"8":1},"f":{"0":1,"1":4,"2":0},"b":{"0":[0,0],"1":[0,0,0]},"_coverageSchema":"43e27e138ebf9cfc5966b082cf9a028302ed4184","hash":"26afd92fb0b23fc44ac9b455e96d4b9f50d6e48f"}
,"E:\\git\\SW7\\frontend\\src\\components\\ShowUser\\ShowUser.jsx": {"path":"E:\\git\\SW7\\frontend\\src\\components\\ShowUser\\ShowUser.jsx","statementMap":{"0":{"start":{"line":6,"column":2},"end":{"line":6,"column":15}},"1":{"start":{"line":7,"column":2},"end":{"line":9,"column":4}},"2":{"start":{"line":13,"column":2},"end":{"line":18,"column":23}},"3":{"start":{"line":14,"column":16},"end":{"line":14,"column":26}},"4":{"start":{"line":16,"column":4},"end":{"line":16,"column":34}},"5":{"start":{"line":21,"column":2},"end":{"line":21,"column":49}}},"fnMap":{"0":{"name":"(anonymous_0)","decl":{"start":{"line":5,"column":1},"end":{"line":5,"column":2}},"loc":{"start":{"line":5,"column":20},"end":{"line":10,"column":2}},"line":5},"1":{"name":"(anonymous_1)","decl":{"start":{"line":12,"column":1},"end":{"line":12,"column":2}},"loc":{"start":{"line":12,"column":21},"end":{"line":19,"column":2}},"line":12},"2":{"name":"(anonymous_2)","decl":{"start":{"line":14,"column":9},"end":{"line":14,"column":10}},"loc":{"start":{"line":14,"column":16},"end":{"line":14,"column":26}},"line":14},"3":{"name":"(anonymous_3)","decl":{"start":{"line":15,"column":9},"end":{"line":15,"column":10}},"loc":{"start":{"line":15,"column":19},"end":{"line":17,"column":4}},"line":15},"4":{"name":"(anonymous_4)","decl":{"start":{"line":20,"column":1},"end":{"line":20,"column":2}},"loc":{"start":{"line":20,"column":10},"end":{"line":22,"column":2}},"line":20}},"branchMap":{},"s":{"0":0,"1":0,"2":0,"3":0,"4":0,"5":0},"f":{"0":0,"1":0,"2":0,"3":0,"4":0},"b":{},"_coverageSchema":"43e27e138ebf9cfc5966b082cf9a028302ed4184","hash":"a8ae7910294aeb54ff47c8a1c4d1f84d8980c313"}
,"E:\\git\\SW7\\frontend\\src\\components\\ShowUser\\RenderUser\\RenderUser.jsx": {"path":"E:\\git\\SW7\\frontend\\src\\components\\ShowUser\\RenderUser\\RenderUser.jsx","statementMap":{"0":{"start":{"line":7,"column":19},"end":{"line":18,"column":4}},"1":{"start":{"line":7,"column":40},"end":{"line":18,"column":2}},"2":{"start":{"line":20,"column":15},"end":{"line":20,"column":31}},"3":{"start":{"line":21,"column":17},"end":{"line":21,"column":28}},"4":{"start":{"line":23,"column":16},"end":{"line":23,"column":47}},"5":{"start":{"line":24,"column":19},"end":{"line":24,"column":79}},"6":{"start":{"line":27,"column":1},"end":{"line":85,"column":3}}},"fnMap":{"0":{"name":"RenderUser","decl":{"start":{"line":6,"column":9},"end":{"line":6,"column":19}},"loc":{"start":{"line":6,"column":27},"end":{"line":86,"column":1}},"line":6},"1":{"name":"(anonymous_1)","decl":{"start":{"line":7,"column":30},"end":{"line":7,"column":31}},"loc":{"start":{"line":7,"column":40},"end":{"line":18,"column":2}},"line":7}},"branchMap":{"0":{"loc":{"start":{"line":75,"column":6},"end":{"line":82,"column":25}},"type":"cond-expr","locations":[{"start":{"line":75,"column":71},"end":{"line":82,"column":18}},{"start":{"line":82,"column":21},"end":{"line":82,"column":25}}],"line":75},"1":{"loc":{"start":{"line":75,"column":6},"end":{"line":75,"column":68}},"type":"binary-expr","locations":[{"start":{"line":75,"column":6},"end":{"line":75,"column":30}},{"start":{"line":75,"column":34},"end":{"line":75,"column":68}}],"line":75}},"s":{"0":0,"1":0,"2":0,"3":0,"4":0,"5":0,"6":0},"f":{"0":0,"1":0},"b":{"0":[0,0],"1":[0,0]},"_coverageSchema":"43e27e138ebf9cfc5966b082cf9a028302ed4184","hash":"d636476d3e701a3c87f98accd0d504d0c3710ebb"}
,"E:\\git\\SW7\\frontend\\src\\containers\\Login\\Login.jsx": {"path":"E:\\git\\SW7\\frontend\\src\\containers\\Login\\Login.jsx","statementMap":{"0":{"start":{"line":8,"column":19},"end":{"line":27,"column":4}},"1":{"start":{"line":8,"column":40},"end":{"line":27,"column":2}},"2":{"start":{"line":29,"column":17},"end":{"line":29,"column":28}},"3":{"start":{"line":30,"column":15},"end":{"line":30,"column":31}},"4":{"start":{"line":32,"column":1},"end":{"line":85,"column":3}}},"fnMap":{"0":{"name":"Layout","decl":{"start":{"line":6,"column":9},"end":{"line":6,"column":15}},"loc":{"start":{"line":6,"column":18},"end":{"line":86,"column":1}},"line":6},"1":{"name":"(anonymous_1)","decl":{"start":{"line":8,"column":30},"end":{"line":8,"column":31}},"loc":{"start":{"line":8,"column":40},"end":{"line":27,"column":2}},"line":8}},"branchMap":{},"s":{"0":4,"1":4,"2":4,"3":4,"4":4},"f":{"0":4,"1":4},"b":{},"_coverageSchema":"43e27e138ebf9cfc5966b082cf9a028302ed4184","hash":"92e159a2f7debbdc13f50823428e9f2ba19b4bc6"}
,"E:\\git\\SW7\\frontend\\src\\containers\\NotFound\\NotFound.jsx": {"path":"E:\\git\\SW7\\frontend\\src\\containers\\NotFound\\NotFound.jsx","statementMap":{"0":{"start":{"line":6,"column":15},"end":{"line":6,"column":31}},"1":{"start":{"line":7,"column":1},"end":{"line":11,"column":3}}},"fnMap":{"0":{"name":"NotFound","decl":{"start":{"line":5,"column":9},"end":{"line":5,"column":17}},"loc":{"start":{"line":5,"column":19},"end":{"line":12,"column":1}},"line":5}},"branchMap":{},"s":{"0":2,"1":0},"f":{"0":2},"b":{},"_coverageSchema":"43e27e138ebf9cfc5966b082cf9a028302ed4184","hash":"fb8a576df475f1040c942e5c0e3a40d874dbf8de"}
,"E:\\git\\SW7\\frontend\\src\\hoc\\Layout\\Layout.jsx": {"path":"E:\\git\\SW7\\frontend\\src\\hoc\\Layout\\Layout.jsx","statementMap":{"0":{"start":{"line":12,"column":2},"end":{"line":18,"column":11}},"1":{"start":{"line":21,"column":19},"end":{"line":23,"column":4}},"2":{"start":{"line":21,"column":40},"end":{"line":23,"column":2}},"3":{"start":{"line":25,"column":17},"end":{"line":25,"column":28}},"4":{"start":{"line":27,"column":1},"end":{"line":35,"column":3}}},"fnMap":{"0":{"name":"Layout","decl":{"start":{"line":10,"column":9},"end":{"line":10,"column":15}},"loc":{"start":{"line":10,"column":18},"end":{"line":36,"column":1}},"line":10},"1":{"name":"(anonymous_1)","decl":{"start":{"line":21,"column":30},"end":{"line":21,"column":31}},"loc":{"start":{"line":21,"column":40},"end":{"line":23,"column":2}},"line":21}},"branchMap":{},"s":{"0":1,"1":1,"2":1,"3":1,"4":1},"f":{"0":1,"1":1},"b":{},"_coverageSchema":"43e27e138ebf9cfc5966b082cf9a028302ed4184","hash":"a3af1418c2bfb2f906900020abf4c59d73bee854"}
}
