TN:
SF:E:\git\SW7\frontend\src\App.jsx
FN:5,App
FNF:1
FNH:1
FNDA:1,App
DA:6,1
LF:1
LH:1
BRF:0
BRH:0
end_of_record
TN:
SF:E:\git\SW7\frontend\src\i18n.js
FNF:0
FNH:0
DA:5,1
LF:1
LH:1
BRF:0
BRH:0
end_of_record
TN:
SF:E:\git\SW7\frontend\src\index.jsx
FNF:0
FNH:0
DA:10,0
DA:17,0
DA:26,0
LF:3
LH:0
BRF:0
BRH:0
end_of_record
TN:
SF:E:\git\SW7\frontend\src\serviceWorker.js
FN:25,register
FN:36,(anonymous_1)
FN:45,(anonymous_2)
FN:59,registerValidSW
FN:62,(anonymous_4)
FN:63,(anonymous_5)
FN:68,(anonymous_6)
FN:98,(anonymous_7)
FN:103,checkValidServiceWorker
FN:106,(anonymous_9)
FN:114,(anonymous_10)
FN:115,(anonymous_11)
FN:124,(anonymous_12)
FN:131,unregister
FN:133,(anonymous_14)
FNF:15
FNH:0
FNDA:0,register
FNDA:0,(anonymous_1)
FNDA:0,(anonymous_2)
FNDA:0,registerValidSW
FNDA:0,(anonymous_4)
FNDA:0,(anonymous_5)
FNDA:0,(anonymous_6)
FNDA:0,(anonymous_7)
FNDA:0,checkValidServiceWorker
FNDA:0,(anonymous_9)
FNDA:0,(anonymous_10)
FNDA:0,(anonymous_11)
FNDA:0,(anonymous_12)
FNDA:0,unregister
FNDA:0,(anonymous_14)
DA:15,0
DA:26,0
DA:28,0
DA:29,0
DA:33,0
DA:36,0
DA:37,0
DA:39,0
DA:41,0
DA:45,0
DA:46,0
DA:53,0
DA:60,0
DA:63,0
DA:64,0
DA:65,0
DA:66,0
DA:68,0
DA:69,0
DA:70,0
DA:74,0
DA:80,0
DA:81,0
DA:87,0
DA:90,0
DA:91,0
DA:99,0
DA:105,0
DA:108,0
DA:109,0
DA:114,0
DA:115,0
DA:116,0
DA:121,0
DA:125,0
DA:132,0
DA:133,0
DA:134,0
LF:38
LH:0
BRDA:16,0,0,0
BRDA:16,0,1,0
BRDA:16,0,2,0
BRDA:26,1,0,0
BRDA:26,1,1,0
BRDA:26,2,0,0
BRDA:26,2,1,0
BRDA:29,3,0,0
BRDA:29,3,1,0
BRDA:39,4,0,0
BRDA:39,4,1,0
BRDA:65,5,0,0
BRDA:65,5,1,0
BRDA:69,6,0,0
BRDA:69,6,1,0
BRDA:70,7,0,0
BRDA:70,7,1,0
BRDA:80,8,0,0
BRDA:80,8,1,0
BRDA:80,9,0,0
BRDA:80,9,1,0
BRDA:90,10,0,0
BRDA:90,10,1,0
BRDA:90,11,0,0
BRDA:90,11,1,0
BRDA:109,12,0,0
BRDA:109,12,1,0
BRDA:110,13,0,0
BRDA:110,13,1,0
BRDA:110,13,2,0
BRDA:132,14,0,0
BRDA:132,14,1,0
BRF:32
BRH:0
end_of_record
TN:
SF:E:\git\SW7\frontend\src\components\Header\Header.jsx
FN:15,Header
FN:20,(anonymous_1)
FN:20,(anonymous_2)
FNF:3
FNH:2
FNDA:1,Header
FNDA:4,(anonymous_1)
FNDA:0,(anonymous_2)
DA:8,1
DA:16,1
DA:20,4
DA:21,0
DA:22,0
DA:25,0
DA:29,1
DA:75,1
LF:8
LH:5
BRDA:21,0,0,0
BRDA:21,0,1,0
BRDA:21,1,0,0
BRDA:21,1,1,0
BRDA:21,1,2,0
BRF:5
BRH:0
end_of_record
TN:
SF:E:\git\SW7\frontend\src\components\ShowUser\ShowUser.jsx
FN:5,(anonymous_0)
FN:12,(anonymous_1)
FN:14,(anonymous_2)
FN:15,(anonymous_3)
FN:20,(anonymous_4)
FNF:5
FNH:0
FNDA:0,(anonymous_0)
FNDA:0,(anonymous_1)
FNDA:0,(anonymous_2)
FNDA:0,(anonymous_3)
FNDA:0,(anonymous_4)
DA:6,0
DA:7,0
DA:13,0
DA:14,0
DA:16,0
DA:21,0
LF:6
LH:0
BRF:0
BRH:0
end_of_record
TN:
SF:E:\git\SW7\frontend\src\components\ShowUser\RenderUser\RenderUser.jsx
FN:6,RenderUser
FN:7,(anonymous_1)
FNF:2
FNH:0
FNDA:0,RenderUser
FNDA:0,(anonymous_1)
DA:7,0
DA:20,0
DA:21,0
DA:23,0
DA:24,0
DA:27,0
LF:6
LH:0
BRDA:75,0,0,0
BRDA:75,0,1,0
BRDA:75,1,0,0
BRDA:75,1,1,0
BRF:4
BRH:0
end_of_record
TN:
SF:E:\git\SW7\frontend\src\containers\Login\Login.jsx
FN:6,Layout
FN:8,(anonymous_1)
FNF:2
FNH:2
FNDA:4,Layout
FNDA:4,(anonymous_1)
DA:8,4
DA:29,4
DA:30,4
DA:32,4
LF:4
LH:4
BRF:0
BRH:0
end_of_record
TN:
SF:E:\git\SW7\frontend\src\containers\NotFound\NotFound.jsx
FN:5,NotFound
FNF:1
FNH:1
FNDA:2,NotFound
DA:6,2
DA:7,0
LF:2
LH:1
BRF:0
BRH:0
end_of_record
TN:
SF:E:\git\SW7\frontend\src\hoc\Layout\Layout.jsx
FN:10,Layout
FN:21,(anonymous_1)
FNF:2
FNH:2
FNDA:1,Layout
FNDA:1,(anonymous_1)
DA:12,1
DA:21,1
DA:25,1
DA:27,1
LF:4
LH:4
BRF:0
BRH:0
end_of_record
